Build started 4/5/2016 13:33:29.
     1>Project "C:\a\other\qtsample\qtsample\qtsample.vcxproj" on node 2 (Build target(s)).
     1>PrepareForBuild:
         Creating directory "C:\a\other\qtsample\Win32\Debug\".
       InitializeBuildStatus:
         Creating "Debug\qtsample.unsuccessfulbuild" because "AlwaysCreate" was specified.
       CustomBuild:
         Moc'ing qtsample.h...
         Uic'ing qtsample.ui...
         Rcc'ing qtsample.qrc...
     1>RCC : warning : No resources in 'C:\a\other\qtsample\qtsample\qtsample.qrc'.
         
       ClCompile:
         C:\Program Files (x86)\Microsoft Visual Studio 11.0\VC\bin\CL.exe /c /I.\GeneratedFiles /I. /ID:\qt\src_5_3_2_64bit\5.3\Src\qtbase\include /I.\GeneratedFiles\Debug /ID:\qt\src_5_3_2_64bit\5.3\Src\qtbase\include\QtCore /ID:\qt\src_5_3_2_64bit\5.3\Src\qtbase\include\QtGui /ID:\qt\src_5_3_2_64bit\5.3\Src\qtbase\include\QtNetwork /ID:\qt\src_5_3_2_64bit\5.3\Src\qtbase\include\QtWidgets /Zi /nologo /W1 /WX- /Od /Oy- /D UNICODE /D WIN32 /D WIN64 /D QT_DLL /D QT_CORE_LIB /D QT_GUI_LIB /D QT_NETWORK_LIB /D QT_WIDGETS_LIB /Gm- /EHsc /MDd /GS /fp:precise /Zc:wchar_t- /Zc:forScope /Fo"Debug\\" /Fd"Debug\vc110.pdb" /Gd /TP /analyze- /errorReport:prompt GeneratedFiles\Debug\moc_qtsample.cpp main.cpp qtsample.cpp
         moc_qtsample.cpp
         main.cpp
         qtsample.cpp
         Generating Code...
         C:\Program Files (x86)\Microsoft Visual Studio 11.0\VC\bin\CL.exe /c /I.\GeneratedFiles /I. /ID:\qt\src_5_3_2_64bit\5.3\Src\qtbase\include /I.\GeneratedFiles\Debug /ID:\qt\src_5_3_2_64bit\5.3\Src\qtbase\include\QtCore /ID:\qt\src_5_3_2_64bit\5.3\Src\qtbase\include\QtGui /ID:\qt\src_5_3_2_64bit\5.3\Src\qtbase\include\QtNetwork /ID:\qt\src_5_3_2_64bit\5.3\Src\qtbase\include\QtWidgets /Zi /nologo /W1 /WX- /Od /Oy- /D UNICODE /D WIN32 /D WIN64 /D QT_DLL /D QT_CORE_LIB /D QT_GUI_LIB /D QT_NETWORK_LIB /D QT_WIDGETS_LIB /Gm- /EHsc /MDd /GS /fp:precise /Zc:wchar_t- /Zc:forScope /Fo"Debug\\" /Fd"Debug\vc110.pdb" /Gd /TP /analyze- /errorReport:prompt GeneratedFiles\qrc_qtsample.cpp
         qrc_qtsample.cpp
       Link:
         C:\Program Files (x86)\Microsoft Visual Studio 11.0\VC\bin\link.exe /ERRORREPORT:PROMPT /OUT:"C:\a\other\qtsample\Win32\Debug\\qtsample.exe" /NOLOGO /LIBPATH:D:\qt\src_5_3_2_64bit\5.3\Src\qtbase\lib qtmaind.lib Qt5Cored.lib Qt5Guid.lib Qt5Networkd.lib Qt5Widgetsd.lib kernel32.lib user32.lib gdi32.lib winspool.lib comdlg32.lib advapi32.lib shell32.lib ole32.lib oleaut32.lib uuid.lib odbc32.lib odbccp32.lib /MANIFEST /MANIFESTUAC:"level='asInvoker' uiAccess='false'" /manifest:embed /DEBUG /PDB:"C:\a\other\qtsample\Win32\Debug\qtsample.pdb" /SUBSYSTEM:WINDOWS /TLBID:1 /DYNAMICBASE /NXCOMPAT /IMPLIB:"C:\a\other\qtsample\Win32\Debug\qtsample.lib" /MACHINE:X86 /SAFESEH Debug\moc_qtsample.obj
         Debug\qrc_qtsample.obj
         Debug\main.obj
         Debug\qtsample.obj
     1>Qt5Widgetsd.lib(Qt5Widgetsd.dll) : fatal error LNK1112: module machine type 'x64' conflicts with target machine type 'X86'
     1>Done Building Project "C:\a\other\qtsample\qtsample\qtsample.vcxproj" (Build target(s)) -- FAILED.

Build FAILED.

Time Elapsed 00:00:03.84
