C:\A\OTHER\QTSAMPLE\QTSAMPLE\X64\DEBUG\MAIN.OBJ
C:\A\OTHER\QTSAMPLE\QTSAMPLE\X64\DEBUG\MOC_QTSAMPLE.OBJ
C:\A\OTHER\QTSAMPLE\QTSAMPLE\X64\DEBUG\CFGSTORE.OBJ
C:\A\OTHER\QTSAMPLE\QTSAMPLE\X64\DEBUG\QRC_QTSAMPLE.OBJ
C:\A\OTHER\QTSAMPLE\QTSAMPLE\X64\DEBUG\VC110.PDB
C:\A\OTHER\QTSAMPLE\QTSAMPLE\GENERATEDFILES\UI_QTSAMPLE.H
C:\A\OTHER\QTSAMPLE\QTSAMPLE\GENERATEDFILES\QRC_QTSAMPLE.CPP
C:\A\OTHER\QTSAMPLE\QTSAMPLE\GENERATEDFILES\DEBUG\MOC_QTSAMPLE.CPP
C:\A\OTHER\QTSAMPLE\X64\DEBUG\QTSAMPLE.ILK
C:\A\OTHER\QTSAMPLE\X64\DEBUG\QTSAMPLE.EXE
C:\A\OTHER\QTSAMPLE\X64\DEBUG\QTSAMPLE.PDB
C:\a\other\qtsample\qtsample\x64\Debug\cfgstore.obj
C:\a\other\qtsample\qtsample\x64\Debug\main.obj
C:\a\other\qtsample\qtsample\x64\Debug\moc_qtsample.obj
C:\a\other\qtsample\qtsample\x64\Debug\qrc_qtsample.obj
C:\a\other\qtsample\qtsample\x64\Debug\qtsample.obj
C:\a\other\qtsample\qtsample\x64\Debug\cl.command.1.tlog
C:\a\other\qtsample\qtsample\x64\Debug\CL.read.1.tlog
C:\a\other\qtsample\qtsample\x64\Debug\CL.write.1.tlog
C:\a\other\qtsample\qtsample\x64\Debug\custombuild.command.1.tlog
C:\a\other\qtsample\qtsample\x64\Debug\custombuild.read.1.tlog
C:\a\other\qtsample\qtsample\x64\Debug\custombuild.write.1.tlog
C:\a\other\qtsample\qtsample\x64\Debug\link-cvtres.read.1.tlog
C:\a\other\qtsample\qtsample\x64\Debug\link-cvtres.write.1.tlog
C:\a\other\qtsample\qtsample\x64\Debug\link-rc.read.1.tlog
C:\a\other\qtsample\qtsample\x64\Debug\link-rc.write.1.tlog
C:\a\other\qtsample\qtsample\x64\Debug\link.12216-cvtres.read.1.tlog
C:\a\other\qtsample\qtsample\x64\Debug\link.12216-cvtres.write.1.tlog
C:\a\other\qtsample\qtsample\x64\Debug\link.12216-rc.read.1.tlog
C:\a\other\qtsample\qtsample\x64\Debug\link.12216-rc.write.1.tlog
C:\a\other\qtsample\qtsample\x64\Debug\link.12216.read.1.tlog
C:\a\other\qtsample\qtsample\x64\Debug\link.12216.write.1.tlog
C:\a\other\qtsample\qtsample\x64\Debug\link.4992-cvtres.read.1.tlog
C:\a\other\qtsample\qtsample\x64\Debug\link.4992-cvtres.write.1.tlog
C:\a\other\qtsample\qtsample\x64\Debug\link.4992-rc.read.1.tlog
C:\a\other\qtsample\qtsample\x64\Debug\link.4992-rc.write.1.tlog
C:\a\other\qtsample\qtsample\x64\Debug\link.4992.read.1.tlog
C:\a\other\qtsample\qtsample\x64\Debug\link.4992.write.1.tlog
C:\a\other\qtsample\qtsample\x64\Debug\link.5012-cvtres.read.1.tlog
C:\a\other\qtsample\qtsample\x64\Debug\link.5012-cvtres.write.1.tlog
C:\a\other\qtsample\qtsample\x64\Debug\link.5012-rc.read.1.tlog
C:\a\other\qtsample\qtsample\x64\Debug\link.5012-rc.write.1.tlog
C:\a\other\qtsample\qtsample\x64\Debug\link.5012.read.1.tlog
C:\a\other\qtsample\qtsample\x64\Debug\link.5012.write.1.tlog
C:\a\other\qtsample\qtsample\x64\Debug\link.command.1.tlog
C:\a\other\qtsample\qtsample\x64\Debug\link.read.1.tlog
C:\a\other\qtsample\qtsample\x64\Debug\link.write.1.tlog
C:\a\other\qtsample\qtsample\x64\Debug\vc110.pdb
C:\a\other\qtsample\x64\Debug\qtsample.pdb
C:\a\other\qtsample\x64\Debug\qtsample.exe
C:\a\other\qtsample\x64\Debug\qtsample.ilk
